A File /home/chris/crm_settings.png modified size 61930 at Oct 29 22:30 from ip address (uid=0)
(uid=0)
(uid=0)
[183.83.23.110]
A File /home/chris/crm_settings.png modified size 61930 at Oct 29 22:30 from ip address (uid=0)
(uid=0)
(uid=0)
[183.83.23.110]
A File /home/chris/crm_settings.png modified size 61930 at Oct 29 22:30 from ip address (uid=0)
(uid=0)
(uid=0)
[183.83.23.110]
A File /home/chris/crm_settings.png modified size 61930 at Oct 29 22:30 from ip address (uid=0)
(uid=0)
(uid=0)
[183.83.23.110]
A File /home/chris/crm_settings.png modified size 61930 at Oct 29 22:30 from ip address (uid=0)
(uid=0)
(uid=0)
[183.83.23.110]
A File /home/chris/alerts.log modified size 640 at Oct 29 22:30 from ip address (uid=0)
(uid=0)
(uid=0)
[183.83.23.110]
A File /home/chris/alerts.log modified size 760 at Oct 29 22:30 from ip address (uid=0)
(uid=0)
(uid=0)
[183.83.23.110]
A File /home/chris/alerts.log modified size 880 at Oct 29 22:30 from ip address (uid=0)
(uid=0)
(uid=0)
[183.83.23.110]
A File /home/chris/alerts.log modified size 1000 at Oct 29 22:30 from ip address (uid=0)
(uid=0)
(uid=0)
[183.83.23.110]
A File /home/chris/alerts.log modified size 1121 at Oct 29 22:30 from ip address (uid=0)
(uid=0)
(uid=0)
[183.83.23.110]
A File /home/chris/alerts.log modified size 1242 at Oct 29 22:31 from ip address 
A File /home/chris/alerts.log modified size 1324 at Oct 29 22:31 from ip address 
A File /home/chris/alerts.log modified size 1406 at Oct 29 22:31 from ip address 
A File /home/chris/alerts.log modified size 1488 at Oct 29 22:31 from ip address 
A File /home/chris/alerts.log modified size 1570 at Oct 29 22:31 from ip address 
A File /home/chris/alerts.log modified size 1652 at Oct 29 22:31 from ip address 
A File /home/chris/alerts.log modified size 1734 at Oct 29 22:31 from ip address 
A File /home/chris/alerts.log modified size 1816 at Oct 29 22:31 from ip address 
A File /home/chris/alerts.log modified size 1898 at Oct 29 22:31 from ip address 
A File /home/chris/alerts.log modified size 1980 at Oct 29 22:31 from ip address 
A File /home/chris/alerts.log modified size 2062 at Oct 29 22:31 from ip address 
A File /home/chris/alerts.log modified size 2144 at Oct 29 22:31 from ip address 
A File /home/chris/alerts.log modified size 2226 at Oct 29 22:31 from ip address 
A File /home/chris/alerts.log modified size 2308 at Oct 29 22:31 from ip address 
A File /home/chris/alerts.log modified size 2390 at Oct 29 22:31 from ip address 
A File /home/chris/alerts.log modified size 2472 at Oct 29 22:31 from ip address 
A File /home/chris/alerts.log modified size 2554 at Oct 29 22:31 from ip address 
A File /home/chris/alerts.log modified size 2636 at Oct 29 22:31 from ip address 
A File /home/chris/alerts.log modified size 2718 at Oct 29 22:31 from ip address 
A File /home/chris/alerts.log modified size 2800 at Oct 29 22:31 from ip address 
A File /home/chris/alerts.log modified size 2882 at Oct 29 22:32 from ip address 
A File /home/chris/alerts.log modified size 2964 at Oct 29 22:32 from ip address 
A File /home/chris/alerts.log modified size 3046 at Oct 29 22:32 from ip address 
A File /home/chris/alerts.log modified size 3128 at Oct 29 22:32 from ip address 
A File /home/chris/alerts.log modified size 3210 at Oct 29 22:32 from ip address 
A File /home/chris/alerts.log modified size 3292 at Oct 29 22:32 from ip address 
A File /home/chris/alerts.log modified size 3374 at Oct 29 22:32 from ip address 
A File /home/chris/alerts.log modified size 3456 at Oct 29 22:32 from ip address (uid=0)
A File /home/chris/alerts.log modified size 3545 at Oct 29 22:32 from ip address (uid=0)
[183.83.23.110]
A File /home/chris/alerts.log modified size 3650 at Oct 29 22:32 from ip address (uid=0)
[183.83.23.110]
A File /home/chris/alerts.log modified size 3755 at Oct 29 22:32 from ip address (uid=0)
[183.83.23.110]
A File /home/chris/alerts.log modified size 3860 at Oct 29 22:32 from ip address (uid=0)
[183.83.23.110]
A File /home/chris/alerts.log modified size 3965 at Oct 29 22:32 from ip address (uid=0)
[183.83.23.110]
A File /home/chris/alerts.log modified size 4070 at Oct 29 22:32 from ip address (uid=0)
[183.83.23.110]
A File /home/chris/alerts.log modified size 4175 at Oct 29 22:32 from ip address (uid=0)
[183.83.23.110]
A File /home/chris/alerts.log modified size 4280 at Oct 29 22:32 from ip address (uid=0)
[183.83.23.110]
A File /home/chris/alerts.log modified size 4385 at Oct 29 22:32 from ip address (uid=0)
[183.83.23.110]
A File /home/chris/alerts.log modified size 4490 at Oct 29 22:32 from ip address (uid=0)
[183.83.23.110]
A File /home/chris/alerts.log modified size 4595 at Oct 29 22:32 from ip address (uid=0)
[183.83.23.110]
A File /home/chris/alerts.log modified size 4700 at Oct 29 22:32 from ip address (uid=0)
[183.83.23.110]
A File /home/chris/alerts.log modified size 4805 at Oct 29 22:33 from ip address 
A File /home/chris/alerts.log modified size 4887 at Oct 29 22:33 from ip address 
A File /home/chris/alerts.log modified size 4969 at Oct 29 22:33 from ip address 
A File /home/chris/alerts.log modified size 5051 at Oct 29 22:33 from ip address 
A File /home/chris/alerts.log modified size 5133 at Oct 29 22:33 from ip address 
A File /home/chris/alerts.log modified size 5215 at Oct 29 22:33 from ip address 
A File /home/chris/alerts.log modified size 5297 at Oct 29 22:33 from ip address 
A File /home/chris/alerts.log modified size 5379 at Oct 29 22:33 from ip address 
A File /home/chris/alerts.log modified size 5461 at Oct 29 22:33 from ip address 
A File /home/chris/alerts.log modified size 5543 at Oct 29 22:33 from ip address 
A File /home/chris/alerts.log modified size 5625 at Oct 29 22:33 from ip address 
A File /home/chris/alerts.log modified size 5707 at Oct 29 22:33 from ip address 
A File /home/chris/alerts.log modified size 5789 at Oct 29 22:33 from ip address 
A File /home/chris/alerts.log modified size 5871 at Oct 29 22:33 from ip address 
A File /home/chris/alerts.log modified size 5953 at Oct 29 22:33 from ip address 
A File /home/chris/alerts.log modified size 6035 at Oct 29 22:33 from ip address 
A File /home/chris/alerts.log modified size 6117 at Oct 29 22:33 from ip address 
A File /home/chris/alerts.log modified size 6199 at Oct 29 22:33 from ip address 
A File /home/chris/alerts.log modified size 6281 at Oct 29 22:33 from ip address 
A File /home/chris/alerts.log modified size 6363 at Oct 29 22:33 from ip address 
A File /home/chris/alerts.log modified size 6445 at Oct 29 22:34 from ip address 
A File /home/chris/alerts.log modified size 6527 at Oct 29 22:34 from ip address 
A File /home/chris/alerts.log modified size 6609 at Oct 29 22:34 from ip address 
A File /home/chris/alerts.log modified size 6691 at Oct 29 22:34 from ip address 
A File /home/chris/alerts.log modified size 6773 at Oct 29 22:34 from ip address 
A File /home/chris/alerts.log modified size 6855 at Oct 29 22:34 from ip address 
A File /home/chris/alerts.log modified size 6937 at Oct 29 22:34 from ip address 
A File /home/chris/alerts.log modified size 7019 at Oct 29 22:34 from ip address 
A File /home/chris/alerts.log modified size 7101 at Oct 29 22:34 from ip address 
A File /home/chris/alerts.log modified size 7183 at Oct 29 22:34 from ip address 
A File /home/chris/alerts.log modified size 7265 at Oct 29 22:34 from ip address 
A File /home/chris/alerts.log modified size 7347 at Oct 29 22:34 from ip address 
A File /home/chris/alerts.log modified size 7429 at Oct 29 22:34 from ip address 
A File /home/chris/alerts.log modified size 7511 at Oct 29 22:34 from ip address 
A File /home/chris/alerts.log modified size 7593 at Oct 29 22:34 from ip address (uid=0)
A File /home/chris/alerts.log modified size 7682 at Oct 29 22:34 from ip address (uid=0)
[183.83.23.110]
A File /home/chris/alerts.log modified size 7787 at Oct 29 22:34 from ip address (uid=0)
[183.83.23.110]
A File /home/chris/alerts.log modified size 7892 at Oct 29 22:34 from ip address (uid=0)
[183.83.23.110]
A File /home/chris/alerts.log modified size 7997 at Oct 29 22:34 from ip address (uid=0)
[183.83.23.110]
A File /home/chris/alerts.log modified size 8102 at Oct 29 22:34 from ip address (uid=0)
[183.83.23.110]
A File /home/chris/test.txt modified size 388 at Oct 29 22:35 from ip address (uid=0)
A File /home/chris/test.txt modified size 388 at Oct 29 22:35 from ip address (uid=0)
A File /home/chris/alerts.log modified size 8379 at Oct 29 22:35 from ip address (uid=0)
A File /home/chris/alerts.log modified size 8468 at Oct 29 22:35 from ip address (uid=0)
A File /home/chris/alerts.log modified size 8557 at Oct 29 22:35 from ip address (uid=0)
A File /home/chris/alerts.log modified size 8646 at Oct 29 22:35 from ip address (uid=0)
A File /home/chris/alerts.log modified size 8735 at Oct 29 22:35 from ip address (uid=0)
A File /home/chris/alerts.log modified size 8824 at Oct 29 22:35 from ip address (uid=0)
A File /home/chris/alerts.log modified size 8913 at Oct 29 22:35 from ip address (uid=0)
A File /home/chris/alerts.log modified size 9002 at Oct 29 22:35 from ip address (uid=0)
A File /home/chris/alerts.log modified size 9091 at Oct 29 22:35 from ip address (uid=0)
A File /home/chris/alerts.log modified size 9180 at Oct 29 22:35 from ip address (uid=0)
A File /home/chris/alerts.log modified size 9269 at Oct 29 22:35 from ip address (uid=0)
A File /home/chris/alerts.log modified size 9358 at Oct 29 22:35 from ip address (uid=0)
A File /home/chris/alerts.log modified size 9447 at Oct 29 22:35 from ip address (uid=0)
A File /home/chris/alerts.log modified size 9536 at Oct 29 22:35 from ip address (uid=0)
A File /home/chris/alerts.log modified size 9625 at Oct 29 22:35 from ip address (uid=0)
A File /home/chris/alerts.log modified size 9714 at Oct 29 22:35 from ip address (uid=0)
A File /home/chris/alerts.log modified size 9803 at Oct 29 22:35 from ip address (uid=0)
A File /home/chris/alerts.log modified size 9892 at Oct 29 22:36 from ip address 
A File /home/chris/alerts.log modified size 9974 at Oct 29 22:36 from ip address 
A File /home/chris/alerts.log modified size 10056 at Oct 29 22:36 from ip address 
A File /home/chris/alerts.log modified size 10139 at Oct 29 22:36 from ip address 
A File /home/chris/alerts.log modified size 10222 at Oct 29 22:36 from ip address 
A File /home/chris/alerts.log modified size 10305 at Oct 29 22:36 from ip address 
A File /home/chris/alerts.log modified size 10388 at Oct 29 22:36 from ip address 
A File /home/chris/alerts.log modified size 10471 at Oct 29 22:36 from ip address 
A File /home/chris/alerts.log modified size 10554 at Oct 29 22:36 from ip address 
A File /home/chris/alerts.log modified size 10637 at Oct 29 22:36 from ip address 
A File /home/chris/alerts.log modified size 10720 at Oct 29 22:36 from ip address 
A File /home/chris/alerts.log modified size 10803 at Oct 29 22:36 from ip address 
A File /home/chris/alerts.log modified size 10886 at Oct 29 22:36 from ip address 
A File /home/chris/alerts.log modified size 10969 at Oct 29 22:36 from ip address 
A File /home/chris/alerts.log modified size 11052 at Oct 29 22:36 from ip address 
A File /home/chris/alerts.log modified size 11135 at Oct 29 22:36 from ip address 
A File /home/chris/alerts.log modified size 11218 at Oct 29 22:36 from ip address 
A File /home/chris/alerts.log modified size 11301 at Oct 29 22:36 from ip address 
A File /home/chris/alerts.log modified size 11384 at Oct 29 22:36 from ip address 
A File /home/chris/alerts.log modified size 11467 at Oct 29 22:36 from ip address 
A File /home/chris/alerts.log modified size 11550 at Oct 29 22:37 from ip address 
A File /home/chris/alerts.log modified size 11633 at Oct 29 22:37 from ip address 
A File /home/chris/alerts.log modified size 11716 at Oct 29 22:37 from ip address 
A File /home/chris/alerts.log modified size 11799 at Oct 29 22:37 from ip address 
A File /home/chris/alerts.log modified size 11882 at Oct 29 22:37 from ip address 
A File /home/chris/alerts.log modified size 11965 at Oct 29 22:37 from ip address 
A File /home/chris/alerts.log modified size 12048 at Oct 29 22:37 from ip address 
A File /home/chris/alerts.log modified size 12131 at Oct 29 22:37 from ip address 
A File /home/chris/alerts.log modified size 12214 at Oct 29 22:37 from ip address 
A File /home/chris/alerts.log modified size 12297 at Oct 29 22:37 from ip address 
A File /home/chris/alerts.log modified size 12380 at Oct 29 22:37 from ip address 
A File /home/chris/alerts.log modified size 12463 at Oct 29 22:37 from ip address 
A File /home/chris/alerts.log modified size 12546 at Oct 29 22:37 from ip address 
A File /home/chris/alerts.log modified size 12629 at Oct 29 22:37 from ip address 
A File /home/chris/alerts.log modified size 12712 at Oct 29 22:37 from ip address 
A File /home/chris/alerts.log modified size 12795 at Oct 29 22:37 from ip address 
A File /home/chris/alerts.log modified size 12878 at Oct 29 22:37 from ip address 
A File /home/chris/alerts.log modified size 12961 at Oct 29 22:37 from ip address 
A File /home/chris/alerts.log modified size 13044 at Oct 29 22:37 from ip address 
A File /home/chris/alerts.log modified size 13127 at Oct 29 22:37 from ip address 
A File /home/chris/alerts.log modified size 13210 at Oct 29 22:38 from ip address 
A File /home/chris/alerts.log modified size 13293 at Oct 29 22:38 from ip address 
A File /home/chris/alerts.log modified size 13376 at Oct 29 22:38 from ip address 
A File /home/chris/alerts.log modified size 13459 at Oct 29 22:38 from ip address 
A File /home/chris/alerts.log modified size 13542 at Oct 29 22:38 from ip address 
A File /home/chris/alerts.log modified size 13625 at Oct 29 22:38 from ip address 
A File /home/chris/alerts.log modified size 13708 at Oct 29 22:38 from ip address 
A File /home/chris/alerts.log modified size 13791 at Oct 29 22:38 from ip address 
A File /home/chris/alerts.log modified size 13874 at Oct 29 22:38 from ip address 
A File /home/chris/alerts.log modified size 13957 at Oct 29 22:38 from ip address 
A File /home/chris/alerts.log modified size 14040 at Oct 29 22:38 from ip address 
A File /home/chris/alerts.log modified size 14123 at Oct 29 22:38 from ip address 
A File /home/chris/alerts.log modified size 14206 at Oct 29 22:38 from ip address 
A File /home/chris/alerts.log modified size 14289 at Oct 29 22:38 from ip address 
A File /home/chris/alerts.log modified size 14372 at Oct 29 22:38 from ip address 
A File /home/chris/alerts.log modified size 14455 at Oct 29 22:38 from ip address 
A File /home/chris/alerts.log modified size 14538 at Oct 29 22:38 from ip address 
A File /home/chris/alerts.log modified size 14621 at Oct 29 22:38 from ip address (uid=0)
[183.83.23.110]
A File /home/chris/alerts.log modified size 14727 at Oct 29 22:38 from ip address (uid=0)
[183.83.23.110]
A File /home/chris/alerts.log modified size 14833 at Oct 29 22:38 from ip address (uid=0)
[183.83.23.110]
A File /home/chris/alerts.log modified size 14939 at Oct 29 22:39 from ip address (uid=0)
A File /home/chris/alerts.log modified size 15029 at Oct 29 22:39 from ip address (uid=0)
A File /home/chris/alerts.log modified size 15119 at Oct 29 22:39 from ip address (uid=0)
A File /home/chris/alerts.log modified size 15209 at Oct 29 22:39 from ip address (uid=0)
A File /home/chris/alerts.log modified size 15299 at Oct 29 22:39 from ip address (uid=0)
A File /home/chris/alerts.log modified size 15389 at Oct 29 22:39 from ip address (uid=0)
A File /home/chris/alerts.log modified size 15479 at Oct 29 22:39 from ip address (uid=0)
A File /home/chris/alerts.log modified size 15569 at Oct 29 22:39 from ip address (uid=0)
A File /home/chris/alerts.log modified size 15659 at Oct 29 22:39 from ip address (uid=0)
A File /home/chris/alerts.log modified size 15749 at Oct 29 22:39 from ip address (uid=0)
A File /home/chris/test.txt modified size 1164 at Oct 29 22:39 from ip address (uid=0)
A File /home/chris/test.txt modified size 1164 at Oct 29 22:39 from ip address (uid=0)
A File /home/chris/alerts.log modified size 16013 at Oct 29 22:39 from ip address (uid=0)
A File /home/chris/alerts.log modified size 16103 at Oct 29 22:39 from ip address (uid=0)
A File /home/chris/alerts.log modified size 16193 at Oct 29 22:39 from ip address (uid=0)
A File /home/chris/alerts.log modified size 16283 at Oct 29 22:39 from ip address (uid=0)
A File /home/chris/alerts.log modified size 16373 at Oct 29 22:39 from ip address (uid=0)
A File /home/chris/alerts.log modified size 16463 at Oct 29 22:39 from ip address (uid=0)
A File /home/chris/alerts.log modified size 16553 at Oct 29 22:39 from ip address (uid=0)
A File /home/chris/alerts.log modified size 16643 at Oct 29 22:40 from ip address 
A File /home/chris/alerts.log modified size 16726 at Oct 29 22:40 from ip address (uid=0)
A File /home/chris/alerts.log modified size 16816 at Oct 29 22:40 from ip address (uid=0)
A File /home/chris/alerts.log modified size 16906 at Oct 29 22:40 from ip address (uid=0)
A File /home/chris/alerts.log modified size 16996 at Oct 29 22:40 from ip address (uid=0)
A File /home/chris/alerts.log modified size 17086 at Oct 29 22:40 from ip address (uid=0)
A File /home/chris/alerts.log modified size 17176 at Oct 29 22:40 from ip address (uid=0)
A File /home/chris/alerts.log modified size 17266 at Oct 29 22:40 from ip address (uid=0)
A File /home/chris/alerts.log modified size 17356 at Oct 29 22:40 from ip address (uid=0)
A File /home/chris/alerts.log modified size 17446 at Oct 29 22:40 from ip address (uid=0)
A File /home/chris/alerts.log modified size 17536 at Oct 29 22:40 from ip address (uid=0)
A File /home/chris/alerts.log modified size 17626 at Oct 29 22:40 from ip address (uid=0)
A File /home/chris/alerts.log modified size 17716 at Oct 29 22:40 from ip address (uid=0)
A File /home/chris/alerts.log modified size 17806 at Oct 29 22:40 from ip address (uid=0)
A File /home/chris/alerts.log modified size 17896 at Oct 29 22:40 from ip address (uid=0)
A File /home/chris/alerts.log modified size 17986 at Oct 29 22:40 from ip address (uid=0)
A File /home/chris/alerts.log modified size 18076 at Oct 29 22:40 from ip address (uid=0)
A File /home/chris/alerts.log modified size 18166 at Oct 29 22:40 from ip address (uid=0)
A File /home/chris/alerts.log modified size 18256 at Oct 29 22:40 from ip address (uid=0)
A File /home/chris/alerts.log modified size 18346 at Oct 29 22:40 from ip address (uid=0)
A File /home/chris/alerts.log modified size 18436 at Oct 29 22:41 from ip address 
A File /home/chris/alerts.log modified size 18519 at Oct 29 22:41 from ip address 
A File /home/chris/alerts.log modified size 18602 at Oct 29 22:41 from ip address 
A File /home/chris/alerts.log modified size 18685 at Oct 29 22:41 from ip address 
A File /home/chris/alerts.log modified size 18768 at Oct 29 22:41 from ip address 
A File /home/chris/alerts.log modified size 18851 at Oct 29 22:41 from ip address 
A File /home/chris/alerts.log modified size 18934 at Oct 29 22:41 from ip address 
A File /home/chris/alerts.log modified size 19017 at Oct 29 22:41 from ip address 
A File /home/chris/alerts.log modified size 19100 at Oct 29 22:41 from ip address 
A File /home/chris/alerts.log modified size 19183 at Oct 29 22:41 from ip address 
A File /home/chris/alerts.log modified size 19266 at Oct 29 22:41 from ip address 
A File /home/chris/alerts.log modified size 19349 at Oct 29 22:41 from ip address 
A File /home/chris/alerts.log modified size 19432 at Oct 29 22:41 from ip address 
A File /home/chris/alerts.log modified size 19515 at Oct 29 22:41 from ip address 
A File /home/chris/alerts.log modified size 19598 at Oct 29 22:41 from ip address 
A File /home/chris/alerts.log modified size 19681 at Oct 29 22:41 from ip address 
A File /home/chris/alerts.log modified size 19764 at Oct 29 22:41 from ip address 
A File /home/chris/alerts.log modified size 19847 at Oct 29 22:41 from ip address 
A File /home/chris/alerts.log modified size 19930 at Oct 29 22:41 from ip address 
A File /home/chris/alerts.log modified size 20013 at Oct 29 22:41 from ip address 
A File /home/chris/alerts.log modified size 20096 at Oct 29 22:42 from ip address 
A File /home/chris/alerts.log modified size 20179 at Oct 29 22:42 from ip address 
A File /home/chris/alerts.log modified size 20262 at Oct 29 22:42 from ip address 
A File /home/chris/alerts.log modified size 20345 at Oct 29 22:42 from ip address 
A File /home/chris/alerts.log modified size 20428 at Oct 29 22:42 from ip address 
A File /home/chris/alerts.log modified size 20511 at Oct 29 22:42 from ip address 
A File /home/chris/alerts.log modified size 20594 at Oct 29 22:42 from ip address 
A File /home/chris/alerts.log modified size 20677 at Oct 29 22:42 from ip address 
A File /home/chris/alerts.log modified size 20760 at Oct 29 22:42 from ip address 
A File /home/chris/alerts.log modified size 20843 at Oct 29 22:42 from ip address 
A File /home/chris/alerts.log modified size 20926 at Oct 29 22:42 from ip address 
A File /home/chris/alerts.log modified size 21009 at Oct 29 22:42 from ip address 
A File /home/chris/alerts.log modified size 21092 at Oct 29 22:42 from ip address 
A File /home/chris/alerts.log modified size 21175 at Oct 29 22:42 from ip address 
A File /home/chris/alerts.log modified size 21258 at Oct 29 22:42 from ip address 
A File /home/chris/alerts.log modified size 21341 at Oct 29 22:42 from ip address 
A File /home/chris/alerts.log modified size 21424 at Oct 29 22:42 from ip address 
A File /home/chris/alerts.log modified size 21507 at Oct 29 22:42 from ip address 
A File /home/chris/alerts.log modified size 21590 at Oct 29 22:42 from ip address 
A File /home/chris/alerts.log modified size 21673 at Oct 29 22:42 from ip address 
A File /home/chris/alerts.log modified size 21756 at Oct 29 22:43 from ip address 
A File /home/chris/alerts.log modified size 21839 at Oct 29 22:43 from ip address 
A File /home/chris/alerts.log modified size 21922 at Oct 29 22:43 from ip address 
A File /home/chris/alerts.log modified size 22005 at Oct 29 22:43 from ip address 
A File /home/chris/alerts.log modified size 22088 at Oct 29 22:43 from ip address 
A File /home/chris/alerts.log modified size 22171 at Oct 29 22:43 from ip address 
A File /home/chris/alerts.log modified size 22254 at Oct 29 22:43 from ip address 
A File /home/chris/alerts.log modified size 22337 at Oct 29 22:43 from ip address 
A File /home/chris/alerts.log modified size 22420 at Oct 29 22:43 from ip address 
A File /home/chris/alerts.log modified size 22503 at Oct 29 22:43 from ip address 
A File /home/chris/alerts.log modified size 22586 at Oct 29 22:43 from ip address 
A File /home/chris/alerts.log modified size 22669 at Oct 29 22:43 from ip address 
A File /home/chris/alerts.log modified size 22752 at Oct 29 22:43 from ip address 
A File /home/chris/alerts.log modified size 22835 at Oct 29 22:43 from ip address 
A File /home/chris/alerts.log modified size 22918 at Oct 29 22:43 from ip address 
A File /home/chris/alerts.log modified size 23001 at Oct 29 22:43 from ip address 
A File /home/chris/alerts.log modified size 23084 at Oct 29 22:43 from ip address 
A File /home/chris/alerts.log modified size 23167 at Oct 29 22:43 from ip address 
A File /home/chris/alerts.log modified size 23250 at Oct 29 22:43 from ip address 
A File /home/chris/alerts.log modified size 23333 at Oct 29 22:44 from ip address 
A File /home/chris/alerts.log modified size 23416 at Oct 29 22:44 from ip address 
A File /home/chris/alerts.log modified size 23499 at Oct 29 22:44 from ip address 
A File /home/chris/alerts.log modified size 23582 at Oct 29 22:44 from ip address 
A File /home/chris/alerts.log modified size 23665 at Oct 29 22:44 from ip address 
A File /home/chris/alerts.log modified size 23748 at Oct 29 22:44 from ip address 
A File /home/chris/alerts.log modified size 23831 at Oct 29 22:44 from ip address 
A File /home/chris/alerts.log modified size 23914 at Oct 29 22:44 from ip address 
A File /home/chris/alerts.log modified size 23997 at Oct 29 22:44 from ip address 
A File /home/chris/alerts.log modified size 24080 at Oct 29 22:44 from ip address 
A File /home/chris/alerts.log modified size 24163 at Oct 29 22:44 from ip address 
A File /home/chris/alerts.log modified size 24246 at Oct 29 22:44 from ip address 
A File /home/chris/alerts.log modified size 24329 at Oct 29 22:44 from ip address 
A File /home/chris/alerts.log modified size 24412 at Oct 29 22:44 from ip address 
A File /home/chris/alerts.log modified size 24495 at Oct 29 22:44 from ip address 
A File /home/chris/alerts.log modified size 24578 at Oct 29 22:44 from ip address 
A File /home/chris/alerts.log modified size 24661 at Oct 29 22:44 from ip address 
A File /home/chris/alerts.log modified size 24744 at Oct 29 22:44 from ip address 
A File /home/chris/alerts.log modified size 24827 at Oct 29 22:44 from ip address 
A File /home/chris/alerts.log modified size 24910 at Oct 29 22:44 from ip address 
A File /home/chris/alerts.log modified size 24993 at Oct 29 22:45 from ip address 
A File /home/chris/alerts.log modified size 25076 at Oct 29 22:45 from ip address (uid=0)
(uid=0)
A File /home/chris/alerts.log modified size 25174 at Oct 29 22:45 from ip address (uid=0)
(uid=0)
A File /home/chris/alerts.log modified size 25272 at Oct 29 22:45 from ip address (uid=0)
(uid=0)
A File /home/chris/alerts.log modified size 25370 at Oct 29 22:45 from ip address (uid=0)
(uid=0)
A File /home/chris/alerts.log modified size 25468 at Oct 29 22:45 from ip address (uid=0)
(uid=0)
A File /home/chris/alerts.log modified size 25566 at Oct 29 22:45 from ip address (uid=0)
(uid=0)
A File /home/chris/alerts.log modified size 25664 at Oct 29 22:45 from ip address (uid=0)
(uid=0)
A File /home/chris/alerts.log modified size 25762 at Oct 29 22:45 from ip address (uid=0)
(uid=0)
A File /home/chris/alerts.log modified size 25860 at Oct 29 22:45 from ip address (uid=0)
(uid=0)
A File /home/chris/alerts.log modified size 25958 at Oct 29 22:45 from ip address (uid=0)
(uid=0)
A File /home/chris/alerts.log modified size 26056 at Oct 29 22:45 from ip address (uid=0)
(uid=0)
A File /home/chris/alerts.log modified size 26154 at Oct 29 22:45 from ip address (uid=0)
(uid=0)
A File /home/chris/alerts.log modified size 26252 at Oct 29 22:45 from ip address (uid=0)
(uid=0)
A File /home/chris/alerts.log modified size 26350 at Oct 29 22:45 from ip address (uid=0)
(uid=0)
A File /home/chris/alerts.log modified size 26448 at Oct 29 22:45 from ip address (uid=0)
(uid=0)
A File /home/chris/alerts.log modified size 26546 at Oct 29 22:45 from ip address (uid=0)
(uid=0)
A File /home/chris/alerts.log modified size 26644 at Oct 29 22:45 from ip address (uid=0)
(uid=0)
A File /home/chris/alerts.log modified size 26742 at Oct 29 22:45 from ip address (uid=0)
(uid=0)
A File /home/chris/alerts.log modified size 26840 at Oct 29 22:45 from ip address (uid=0)
(uid=0)
A File /home/chris/alerts.log modified size 26938 at Oct 29 22:46 from ip address 
A File /home/chris/alerts.log modified size 27021 at Oct 29 22:46 from ip address 
A File /home/chris/alerts.log modified size 27104 at Oct 29 22:46 from ip address 
A File /home/chris/alerts.log modified size 27187 at Oct 29 22:46 from ip address 
A File /home/chris/alerts.log modified size 27270 at Oct 29 22:46 from ip address 
A File /home/chris/alerts.log modified size 27353 at Oct 29 22:46 from ip address 
A File /home/chris/alerts.log modified size 27436 at Oct 29 22:46 from ip address 
A File /home/chris/alerts.log modified size 27519 at Oct 29 22:46 from ip address 
A File /home/chris/alerts.log modified size 27602 at Oct 29 22:46 from ip address 
A File /home/chris/alerts.log modified size 27685 at Oct 29 22:46 from ip address 
A File /home/chris/alerts.log modified size 27768 at Oct 29 22:46 from ip address 
A File /home/chris/alerts.log modified size 27851 at Oct 29 22:46 from ip address 
A File /home/chris/alerts.log modified size 27934 at Oct 29 22:46 from ip address 
A File /home/chris/alerts.log modified size 28017 at Oct 29 22:46 from ip address 
A File /home/chris/alerts.log modified size 28100 at Oct 29 22:46 from ip address 
A File /home/chris/alerts.log modified size 28183 at Oct 29 22:46 from ip address 
A File /home/chris/alerts.log modified size 28266 at Oct 29 22:46 from ip address 
A File /home/chris/alerts.log modified size 28349 at Oct 29 22:46 from ip address 
A File /home/chris/alerts.log modified size 28432 at Oct 29 22:46 from ip address 
A File /home/chris/alerts.log modified size 28515 at Oct 29 22:46 from ip address 
A File /home/chris/alerts.log modified size 28598 at Oct 29 22:47 from ip address 
A File /home/chris/alerts.log modified size 28681 at Oct 29 22:47 from ip address 
A File /home/chris/alerts.log modified size 28764 at Oct 29 22:47 from ip address 
A File /home/chris/alerts.log modified size 28847 at Oct 29 22:47 from ip address 
A File /home/chris/alerts.log modified size 28930 at Oct 29 22:47 from ip address 
A File /home/chris/alerts.log modified size 29013 at Oct 29 22:47 from ip address 
A File /home/chris/alerts.log modified size 29096 at Oct 29 22:47 from ip address 
A File /home/chris/alerts.log modified size 29179 at Oct 29 22:47 from ip address 
A File /home/chris/alerts.log modified size 29262 at Oct 29 22:47 from ip address 
A File /home/chris/alerts.log modified size 29345 at Oct 29 22:47 from ip address 
A File /home/chris/alerts.log modified size 29428 at Oct 29 22:47 from ip address 
A File /home/chris/alerts.log modified size 29511 at Oct 29 22:47 from ip address 
A File /home/chris/alerts.log modified size 29594 at Oct 29 22:47 from ip address 
A File /home/chris/alerts.log modified size 29677 at Oct 29 22:47 from ip address 
A File /home/chris/alerts.log modified size 29760 at Oct 29 22:47 from ip address 
A File /home/chris/alerts.log modified size 29843 at Oct 29 22:47 from ip address 
A File /home/chris/alerts.log modified size 29926 at Oct 29 22:47 from ip address 
A File /home/chris/alerts.log modified size 30009 at Oct 29 22:47 from ip address 
A File /home/chris/alerts.log modified size 30092 at Oct 29 22:47 from ip address 
A File /home/chris/alerts.log modified size 30175 at Oct 29 22:48 from ip address 
A File /home/chris/alerts.log modified size 30258 at Oct 29 22:48 from ip address 
A File /home/chris/alerts.log modified size 30341 at Oct 29 22:48 from ip address 
A File /home/chris/alerts.log modified size 30424 at Oct 29 22:48 from ip address 
A File /home/chris/alerts.log modified size 30507 at Oct 29 22:48 from ip address 
A File /home/chris/alerts.log modified size 30590 at Oct 29 22:48 from ip address 
A File /home/chris/alerts.log modified size 30673 at Oct 29 22:48 from ip address 
A File /home/chris/alerts.log modified size 30756 at Oct 29 22:48 from ip address 
A File /home/chris/alerts.log modified size 30839 at Oct 29 22:48 from ip address 
A File /home/chris/alerts.log modified size 30922 at Oct 29 22:48 from ip address 
A File /home/chris/alerts.log modified size 31005 at Oct 29 22:48 from ip address 
A File /home/chris/alerts.log modified size 31088 at Oct 29 22:48 from ip address 
A File /home/chris/alerts.log modified size 31171 at Oct 29 22:48 from ip address 
A File /home/chris/alerts.log modified size 31254 at Oct 29 22:48 from ip address 
A File /home/chris/alerts.log modified size 31337 at Oct 29 22:48 from ip address 
A File /home/chris/alerts.log modified size 31420 at Oct 29 22:48 from ip address 
A File /home/chris/alerts.log modified size 31503 at Oct 29 22:48 from ip address 
A File /home/chris/alerts.log modified size 31586 at Oct 29 22:48 from ip address 
A File /home/chris/alerts.log modified size 31669 at Oct 29 22:48 from ip address 
A File /home/chris/alerts.log modified size 31752 at Oct 29 22:48 from ip address 
A File /home/chris/alerts.log modified size 31835 at Oct 29 22:49 from ip address 
A File /home/chris/alerts.log modified size 31918 at Oct 29 22:49 from ip address 
A File /home/chris/alerts.log modified size 32001 at Oct 29 22:49 from ip address 
A File /home/chris/alerts.log modified size 32084 at Oct 29 22:49 from ip address 
A File /home/chris/alerts.log modified size 32167 at Oct 29 22:49 from ip address 
A File /home/chris/alerts.log modified size 32250 at Oct 29 22:49 from ip address 
A File /home/chris/alerts.log modified size 32333 at Oct 29 22:49 from ip address 
A File /home/chris/alerts.log modified size 32416 at Oct 29 22:49 from ip address 
A File /home/chris/alerts.log modified size 32499 at Oct 29 22:49 from ip address 
A File /home/chris/alerts.log modified size 32582 at Oct 29 22:49 from ip address 
A File /home/chris/alerts.log modified size 32665 at Oct 29 22:49 from ip address 
A File /home/chris/alerts.log modified size 32748 at Oct 29 22:49 from ip address 
A File /home/chris/alerts.log modified size 32831 at Oct 29 22:49 from ip address 
A File /home/chris/alerts.log modified size 32914 at Oct 29 22:49 from ip address 
A File /home/chris/alerts.log modified size 32997 at Oct 29 22:49 from ip address 
A File /home/chris/alerts.log modified size 33080 at Oct 29 22:49 from ip address 
A File /home/chris/alerts.log modified size 33163 at Oct 29 22:49 from ip address 
A File /home/chris/alerts.log modified size 33246 at Oct 29 22:49 from ip address 
A File /home/chris/alerts.log modified size 33329 at Oct 29 22:49 from ip address 
A File /home/chris/alerts.log modified size 33412 at Oct 29 22:49 from ip address 
A File /home/chris/alerts.log modified size 33495 at Oct 29 22:50 from ip address (uid=0)
A File /home/chris/alerts.log modified size 33585 at Oct 29 22:50 from ip address (uid=0)
A File /home/chris/alerts.log modified size 33675 at Oct 29 22:50 from ip address (uid=0)
A File /home/chris/alerts.log modified size 33765 at Oct 29 22:50 from ip address (uid=0)
A File /home/chris/alerts.log modified size 33855 at Oct 29 22:50 from ip address (uid=0)
A File /home/chris/alerts.log modified size 33945 at Oct 29 22:50 from ip address (uid=0)
A File /home/chris/alerts.log modified size 34035 at Oct 29 22:50 from ip address (uid=0)
A File /home/chris/alerts.log modified size 34125 at Oct 29 22:50 from ip address (uid=0)
A File /home/chris/alerts.log modified size 34215 at Oct 29 22:50 from ip address (uid=0)
A File /home/chris/alerts.log modified size 34305 at Oct 29 22:50 from ip address (uid=0)
A File /home/chris/alerts.log modified size 34395 at Oct 29 22:50 from ip address (uid=0)
A File /home/chris/alerts.log modified size 34485 at Oct 29 22:50 from ip address (uid=0)
A File /home/chris/alerts.log modified size 34575 at Oct 29 22:50 from ip address (uid=0)
A File /home/chris/alerts.log modified size 34665 at Oct 29 22:50 from ip address (uid=0)
A File /home/chris/alerts.log modified size 34755 at Oct 29 22:50 from ip address (uid=0)
A File /home/chris/alerts.log modified size 34845 at Oct 29 22:50 from ip address (uid=0)
A File /home/chris/alerts.log modified size 34935 at Oct 29 22:50 from ip address (uid=0)
A File /home/chris/alerts.log modified size 35025 at Oct 29 22:50 from ip address (uid=0)
A File /home/chris/alerts.log modified size 35115 at Oct 29 22:50 from ip address (uid=0)
A File /home/chris/alerts.log modified size 35205 at Oct 29 22:50 from ip address (uid=0)
A File /home/chris/alerts.log modified size 35295 at Oct 29 22:51 from ip address 
A File /home/chris/alerts.log modified size 35378 at Oct 29 22:51 from ip address 
A File /home/chris/alerts.log modified size 35461 at Oct 29 22:51 from ip address 
A File /home/chris/alerts.log modified size 35544 at Oct 29 22:51 from ip address 
A File /home/chris/alerts.log modified size 35627 at Oct 29 22:51 from ip address 
A File /home/chris/alerts.log modified size 35710 at Oct 29 22:51 from ip address 
A File /home/chris/alerts.log modified size 35793 at Oct 29 22:51 from ip address 
A File /home/chris/alerts.log modified size 35876 at Oct 29 22:51 from ip address 
A File /home/chris/alerts.log modified size 35959 at Oct 29 22:51 from ip address 
A File /home/chris/alerts.log modified size 36042 at Oct 29 22:51 from ip address 
A File /home/chris/alerts.log modified size 36125 at Oct 29 22:51 from ip address 
A File /home/chris/alerts.log modified size 36208 at Oct 29 22:51 from ip address 
A File /home/chris/alerts.log modified size 36291 at Oct 29 22:51 from ip address 
A File /home/chris/alerts.log modified size 36374 at Oct 29 22:51 from ip address 
A File /home/chris/alerts.log modified size 36457 at Oct 29 22:51 from ip address 
A File /home/chris/alerts.log modified size 36540 at Oct 29 22:51 from ip address 
A File /home/chris/alerts.log modified size 36623 at Oct 29 22:51 from ip address 
A File /home/chris/alerts.log modified size 36706 at Oct 29 22:51 from ip address 
A File /home/chris/alerts.log modified size 36789 at Oct 29 22:51 from ip address 
A File /home/chris/alerts.log modified size 36872 at Oct 29 22:52 from ip address 
A File /home/chris/alerts.log modified size 36955 at Oct 29 22:52 from ip address 
A File /home/chris/alerts.log modified size 37038 at Oct 29 22:52 from ip address 
A File /home/chris/alerts.log modified size 37121 at Oct 29 22:52 from ip address 
A File /home/chris/alerts.log modified size 37204 at Oct 29 22:52 from ip address 
A File /home/chris/alerts.log modified size 37287 at Oct 29 22:52 from ip address 
A File /home/chris/alerts.log modified size 37370 at Oct 29 22:52 from ip address 
A File /home/chris/alerts.log modified size 37453 at Oct 29 22:52 from ip address 
A File /home/chris/alerts.log modified size 37536 at Oct 29 22:52 from ip address 
A File /home/chris/alerts.log modified size 37619 at Oct 29 22:52 from ip address 
A File /home/chris/alerts.log modified size 37702 at Oct 29 22:52 from ip address 
A File /home/chris/alerts.log modified size 37785 at Oct 29 22:52 from ip address 
A File /home/chris/alerts.log modified size 37868 at Oct 29 22:52 from ip address 
A File /home/chris/alerts.log modified size 37951 at Oct 29 22:52 from ip address 
A File /home/chris/alerts.log modified size 38034 at Oct 29 22:52 from ip address 
A File /home/chris/alerts.log modified size 38117 at Oct 29 22:52 from ip address 
A File /home/chris/alerts.log modified size 38200 at Oct 29 22:52 from ip address 
A File /home/chris/alerts.log modified size 38283 at Oct 29 22:52 from ip address 
A File /home/chris/alerts.log modified size 38366 at Oct 29 22:52 from ip address 
A File /home/chris/alerts.log modified size 38449 at Oct 29 22:52 from ip address 
A File /home/chris/alerts.log modified size 38532 at Oct 29 22:53 from ip address 
A File /home/chris/alerts.log modified size 38615 at Oct 29 22:53 from ip address 
A File /home/chris/alerts.log modified size 38698 at Oct 29 22:53 from ip address 
A File /home/chris/alerts.log modified size 38781 at Oct 29 22:53 from ip address 
A File /home/chris/alerts.log modified size 38864 at Oct 29 22:53 from ip address 
A File /home/chris/alerts.log modified size 38947 at Oct 29 22:53 from ip address 
A File /home/chris/alerts.log modified size 39030 at Oct 29 22:53 from ip address 
A File /home/chris/alerts.log modified size 39113 at Oct 29 22:53 from ip address 
A File /home/chris/alerts.log modified size 39196 at Oct 29 22:53 from ip address 
A File /home/chris/alerts.log modified size 39279 at Oct 29 22:53 from ip address 
A File /home/chris/alerts.log modified size 39362 at Oct 29 22:53 from ip address 
A File /home/chris/alerts.log modified size 39445 at Oct 29 22:53 from ip address 
A File /home/chris/alerts.log modified size 39528 at Oct 29 22:53 from ip address 
A File /home/chris/alerts.log modified size 39611 at Oct 29 22:53 from ip address 
A File /home/chris/click_on_users.png modified size 96267 at Nov  3 21:59 from ip address 
A File /home/chris/click_on_users.png modified size 96267 at Nov  3 21:59 from ip address 
A File /home/chris/click_on_users.png modified size 96267 at Nov  3 21:59 from ip address 
A File /home/chris/click_on_users.png modified size 96267 at Nov  3 21:59 from ip address 
A File /home/chris/click_on_users.png modified size 96267 at Nov  3 21:59 from ip address 
A File /home/chris/click_on_users.png modified size 96267 at Nov  3 21:59 from ip address 
A File /home/chris/click_on_users.png modified size 96267 at Nov  3 21:59 from ip address 
A File /home/chris/alerts.log modified size 40331 at Nov  3 21:59 from ip address 
A File /home/chris/alerts.log modified size 40414 at Nov  3 21:59 from ip address 
A File /home/chris/alerts.log modified size 40497 at Nov  3 21:59 from ip address 
A File /home/chris/alerts.log modified size 40580 at Nov  3 21:59 from ip address 
A File /home/chris/alerts.log modified size 40663 at Nov  3 21:59 from ip address 
A File /home/chris/alerts.log modified size 40746 at Nov  3 21:59 from ip address 
A File /home/chris/alerts.log modified size 40829 at Nov  3 21:59 from ip address 
A File /home/chris/alerts.log modified size 40912 at Nov  3 21:59 from ip address 
A File /home/chris/alerts.log modified size 40995 at Nov  3 22:00 from ip address 
A File /home/chris/alerts.log modified size 41078 at Nov  3 22:00 from ip address (uid=0)
(uid=0)
A File /home/chris/alerts.log modified size 41176 at Nov  3 22:00 from ip address (uid=0)
(uid=0)
A File /home/chris/alerts.log modified size 41274 at Nov  3 22:00 from ip address (uid=0)
(uid=0)
A File /home/chris/alerts.log modified size 41372 at Nov  3 22:00 from ip address (uid=0)
(uid=0)
A File /home/chris/alerts.log modified size 41470 at Nov  3 22:00 from ip address (uid=0)
(uid=0)
A File /home/chris/alerts.log modified size 41568 at Nov  3 22:00 from ip address (uid=0)
(uid=0)
A File /home/chris/alerts.log modified size 41666 at Nov  3 22:00 from ip address (uid=0)
(uid=0)
A File /home/chris/alerts.log modified size 41764 at Nov  3 22:00 from ip address (uid=0)
(uid=0)
A File /home/chris/alerts.log modified size 41862 at Nov  3 22:00 from ip address (uid=0)
(uid=0)
A File /home/chris/alerts.log modified size 41960 at Nov  3 22:00 from ip address (uid=0)
(uid=0)
A File /home/chris/alerts.log modified size 42058 at Nov  3 22:00 from ip address (uid=0)
(uid=0)
A File /home/chris/alerts.log modified size 42156 at Nov  3 22:00 from ip address (uid=0)
(uid=0)
A File /home/chris/alerts.log modified size 42254 at Nov  3 22:00 from ip address (uid=0)
(uid=0)
A File /home/chris/alerts.log modified size 42352 at Nov  3 22:00 from ip address (uid=0)
(uid=0)
A File /home/chris/alerts.log modified size 42450 at Nov  3 22:00 from ip address (uid=0)
(uid=0)
A File /home/chris/alerts.log modified size 42548 at Nov  3 22:00 from ip address (uid=0)
(uid=0)
A File /home/chris/alerts.log modified size 42646 at Nov  3 22:00 from ip address (uid=0)
(uid=0)
A File /home/chris/alerts.log modified size 42744 at Nov  3 22:00 from ip address (uid=0)
(uid=0)
chris(uid=0)
A File /home/chris/alerts.log modified size 42855 at Nov  3 22:00 from ip address (uid=0)
(uid=0)
chris(uid=0)
A File /home/chris/alerts.log modified size 42966 at Nov  3 22:01 from ip address 
A File /home/chris/alerts.log modified size 43049 at Nov  3 22:01 from ip address 
A File /home/chris/alerts.log modified size 43132 at Nov  3 22:01 from ip address 
A File /home/chris/alerts.log modified size 43215 at Nov  3 22:01 from ip address 
A File /home/chris/alerts.log modified size 43298 at Nov  3 22:01 from ip address 
A File /home/chris/alerts.log modified size 43381 at Nov  3 22:01 from ip address 
A File /home/chris/alerts.log modified size 43464 at Nov  3 22:01 from ip address 
A File /home/chris/alerts.log modified size 43547 at Nov  3 22:01 from ip address 
A File /home/chris/alerts.log modified size 43630 at Nov  3 22:01 from ip address 
A File /home/chris/alerts.log modified size 43713 at Nov  3 22:01 from ip address 
A File /home/chris/alerts.log modified size 43796 at Nov  3 22:01 from ip address 
A File /home/chris/alerts.log modified size 43879 at Nov  3 22:01 from ip address 
A File /home/chris/alerts.log modified size 43962 at Nov  3 22:01 from ip address 
A File /home/chris/alerts.log modified size 44045 at Nov  3 22:01 from ip address 
A File /home/chris/alerts.log modified size 44128 at Nov  3 22:01 from ip address 
A File /home/chris/alerts.log modified size 44211 at Nov  3 22:01 from ip address 
A File /home/chris/alerts.log modified size 44294 at Nov  3 22:01 from ip address (uid=0)
[183.83.23.110]
A File /home/chris/alerts.log modified size 44400 at Nov  3 22:01 from ip address (uid=0)
[183.83.23.110]
A File /home/chris/alerts.log modified size 44506 at Nov  3 22:01 from ip address (uid=0)
[183.83.23.110]
A File /home/chris/alerts.log modified size 44612 at Nov  3 22:01 from ip address (uid=0)
[183.83.23.110]
A File /home/chris/alerts.log modified size 44718 at Nov  3 22:02 from ip address 
A File /home/chris/alerts.log modified size 44801 at Nov  3 22:02 from ip address 
A File /home/chris/alerts.log modified size 44884 at Nov  3 22:02 from ip address 
A File /home/chris/alerts.log modified size 44967 at Nov  3 22:02 from ip address 
A File /home/chris/alerts.log modified size 45050 at Nov  3 22:02 from ip address 
A File /home/chris/alerts.log modified size 45133 at Nov  3 22:02 from ip address 
A File /home/chris/alerts.log modified size 45216 at Nov  3 22:02 from ip address 
A File /home/chris/alerts.log modified size 45299 at Nov  3 22:02 from ip address 
A File /home/chris/alerts.log modified size 45382 at Nov  3 22:02 from ip address 
A File /home/chris/alerts.log modified size 45465 at Nov  3 22:02 from ip address (uid=0)
[183.83.23.110]
A File /home/chris/alerts.log modified size 45571 at Nov  3 22:02 from ip address (uid=0)
[183.83.23.110]
A File /home/chris/alerts.log modified size 45677 at Nov  3 22:02 from ip address (uid=0)
[183.83.23.110]
A File /home/chris/alerts.log modified size 45783 at Nov  3 22:02 from ip address (uid=0)
[183.83.23.110]
A File /home/chris/alerts.log modified size 45889 at Nov  3 22:02 from ip address (uid=0)
[183.83.23.110]
A File /home/chris/alerts.log modified size 45995 at Nov  3 22:02 from ip address (uid=0)
[183.83.23.110]
chris(uid=0)
A File /home/chris/alerts.log modified size 46114 at Nov  3 22:02 from ip address (uid=0)
[183.83.23.110]
chris(uid=0)
A File /home/chris/add_extension.png modified size 17071 at Nov  3 22:02 from ip address (uid=0)
[183.83.23.110]
chris(uid=0)
A File /home/chris/add_extension.png modified size 17071 at Nov  3 22:02 from ip address (uid=0)
[183.83.23.110]
chris(uid=0)
A File /home/chris/add_extension.png modified size 17071 at Nov  3 22:02 from ip address (uid=0)
[183.83.23.110]
chris(uid=0)
A File /home/chris/alerts.log modified size 46611 at Nov  3 22:03 from ip address 
A File /home/chris/alerts.log modified size 46694 at Nov  3 22:03 from ip address 
A File /home/chris/alerts.log modified size 46777 at Nov  3 22:03 from ip address 
A File /home/chris/.nano_history modified size 313 at Nov  3 22:03 from ip address 
A File /home/chris/.nano_history modified size 313 at Nov  3 22:03 from ip address 
A File /home/chris/alerts.log modified size 47028 at Nov  3 22:03 from ip address 
A File /home/chris/alerts.log modified size 47111 at Nov  3 22:03 from ip address 
A File /home/chris/alerts.log modified size 47194 at Nov  3 22:03 from ip address 
